<?xml version="1.0" encoding="utf-8"?>
<coverage line-rate="0" branch-rate="0" version="1.9" timestamp="1766926790" lines-covered="0" lines-valid="79" branches-covered="0" branches-valid="36">
  <sources>
    <source>C:\Users\alun\Code\Me\LSL.CompositeHandlers\LSL.CompositeHandlers\</source>
  </sources>
  <packages>
    <package name="LSL.CompositeHandlers" line-rate="0" branch-rate="0" complexity="45">
      <classes>
        <class name="LSL.CompositeHandlers.BuildCompositeHandlerResult`2" filename="BuildCompositeHandlerResult.cs" line-rate="0" branch-rate="1" complexity="2">
          <methods>
            <method name="get_Handler" signature="()" line-rate="0" branch-rate="1" complexity="1">
              <lines>
                <line number="22" hits="0" branch="False" />
              </lines>
            </method>
            <method name=".ctor" signature="(System.Func`2&lt;TContext,TResult&gt;)" line-rate="0" branch-rate="1" complexity="1">
              <lines>
                <line number="13" hits="0" branch="False" />
                <line number="14" hits="0" branch="False" />
                <line number="15" hits="0" branch="False" />
                <line number="16" hits="0" branch="False" />
              </lines>
            </method>
          </methods>
          <lines>
            <line number="22" hits="0" branch="False" />
            <line number="13" hits="0" branch="False" />
            <line number="14" hits="0" branch="False" />
            <line number="15" hits="0" branch="False" />
            <line number="16" hits="0" branch="False" />
          </lines>
        </class>
        <class name="LSL.CompositeHandlers.BuildAsyncCompositeHandlerResult`2" filename="BuildCompositeHandlerResult.cs" line-rate="0" branch-rate="1" complexity="2">
          <methods>
            <method name="get_Handler" signature="()" line-rate="0" branch-rate="1" complexity="1">
              <lines>
                <line number="41" hits="0" branch="False" />
              </lines>
            </method>
            <method name=".ctor" signature="(System.Func`2&lt;TContext,System.Threading.Tasks.Task`1&lt;TResult&gt;&gt;)" line-rate="0" branch-rate="1" complexity="1">
              <lines>
                <line number="32" hits="0" branch="False" />
                <line number="33" hits="0" branch="False" />
                <line number="34" hits="0" branch="False" />
                <line number="35" hits="0" branch="False" />
              </lines>
            </method>
          </methods>
          <lines>
            <line number="41" hits="0" branch="False" />
            <line number="32" hits="0" branch="False" />
            <line number="33" hits="0" branch="False" />
            <line number="34" hits="0" branch="False" />
            <line number="35" hits="0" branch="False" />
          </lines>
        </class>
        <class name="LSL.CompositeHandlers.CompositeHandlerFactory" filename="CompositeHandlerFactory.cs" line-rate="0" branch-rate="0" complexity="18">
          <methods>
            <method name="CreateAsyncCompositeHandler" signature="(System.Collections.Generic.IEnumerable`1&lt;LSL.CompositeHandlers.AsyncHandlerDelegate`2&lt;TContext,TResult&gt;&gt;,System.Action`1&lt;LSL.CompositeHandlers.IAsyncConfigurationBuilder`2&lt;TContext,TResult&gt;&gt;)" line-rate="0" branch-rate="0" complexity="8">
              <lines>
                <line number="13" hits="0" branch="False" />
                <line number="14" hits="0" branch="False" />
                <line number="16" hits="0" branch="True" condition-coverage="0% (0/2)">
                  <conditions>
                    <condition number="8" type="jump" coverage="0%" />
                  </conditions>
                </line>
                <line number="18" hits="0" branch="True" condition-coverage="0% (0/6)">
                  <conditions>
                    <condition number="33" type="jump" coverage="0%" />
                    <condition number="42" type="jump" coverage="0%" />
                    <condition number="73" type="jump" coverage="0%" />
                  </conditions>
                </line>
                <line number="19" hits="0" branch="False" />
                <line number="20" hits="0" branch="False" />
                <line number="21" hits="0" branch="False" />
                <line number="22" hits="0" branch="False" />
                <line number="23" hits="0" branch="False" />
                <line number="24" hits="0" branch="False" />
                <line number="25" hits="0" branch="False" />
                <line number="26" hits="0" branch="False" />
                <line number="27" hits="0" branch="False" />
                <line number="28" hits="0" branch="False" />
                <line number="29" hits="0" branch="False" />
              </lines>
            </method>
            <method name="CreateCompositeHandler" signature="(System.Collections.Generic.IEnumerable`1&lt;LSL.CompositeHandlers.HandlerDelegate`2&lt;TContext,TResult&gt;&gt;,System.Action`1&lt;LSL.CompositeHandlers.IConfigurationBuilder`2&lt;TContext,TResult&gt;&gt;)" line-rate="0" branch-rate="0" complexity="10">
              <lines>
                <line number="35" hits="0" branch="False" />
                <line number="36" hits="0" branch="True" condition-coverage="0% (0/2)">
                  <conditions>
                    <condition number="28" type="jump" coverage="0%" />
                  </conditions>
                </line>
                <line number="37" hits="0" branch="False" />
                <line number="38" hits="0" branch="False" />
                <line number="41" hits="0" branch="False" />
                <line number="43" hits="0" branch="True" condition-coverage="0% (0/2)">
                  <conditions>
                    <condition number="49" type="jump" coverage="0%" />
                  </conditions>
                </line>
                <line number="45" hits="0" branch="True" condition-coverage="0% (0/6)">
                  <conditions>
                    <condition number="74" type="jump" coverage="0%" />
                    <condition number="83" type="jump" coverage="0%" />
                    <condition number="114" type="jump" coverage="0%" />
                  </conditions>
                </line>
                <line number="46" hits="0" branch="False" />
                <line number="47" hits="0" branch="False" />
                <line number="48" hits="0" branch="False" />
                <line number="49" hits="0" branch="False" />
                <line number="50" hits="0" branch="False" />
                <line number="51" hits="0" branch="False" />
                <line number="52" hits="0" branch="False" />
                <line number="53" hits="0" branch="False" />
              </lines>
            </method>
          </methods>
          <lines>
            <line number="13" hits="0" branch="False" />
            <line number="14" hits="0" branch="False" />
            <line number="16" hits="0" branch="True" condition-coverage="0% (0/2)">
              <conditions>
                <condition number="8" type="jump" coverage="0%" />
              </conditions>
            </line>
            <line number="18" hits="0" branch="True" condition-coverage="0% (0/6)">
              <conditions>
                <condition number="33" type="jump" coverage="0%" />
                <condition number="42" type="jump" coverage="0%" />
                <condition number="73" type="jump" coverage="0%" />
              </conditions>
            </line>
            <line number="19" hits="0" branch="False" />
            <line number="20" hits="0" branch="False" />
            <line number="21" hits="0" branch="False" />
            <line number="22" hits="0" branch="False" />
            <line number="23" hits="0" branch="False" />
            <line number="24" hits="0" branch="False" />
            <line number="25" hits="0" branch="False" />
            <line number="26" hits="0" branch="False" />
            <line number="27" hits="0" branch="False" />
            <line number="28" hits="0" branch="False" />
            <line number="29" hits="0" branch="False" />
            <line number="35" hits="0" branch="False" />
            <line number="36" hits="0" branch="True" condition-coverage="0% (0/2)">
              <conditions>
                <condition number="28" type="jump" coverage="0%" />
              </conditions>
            </line>
            <line number="37" hits="0" branch="False" />
            <line number="38" hits="0" branch="False" />
            <line number="41" hits="0" branch="False" />
            <line number="43" hits="0" branch="True" condition-coverage="0% (0/2)">
              <conditions>
                <condition number="49" type="jump" coverage="0%" />
              </conditions>
            </line>
            <line number="45" hits="0" branch="True" condition-coverage="0% (0/6)">
              <conditions>
                <condition number="74" type="jump" coverage="0%" />
                <condition number="83" type="jump" coverage="0%" />
                <condition number="114" type="jump" coverage="0%" />
              </conditions>
            </line>
            <line number="46" hits="0" branch="False" />
            <line number="47" hits="0" branch="False" />
            <line number="48" hits="0" branch="False" />
            <line number="49" hits="0" branch="False" />
            <line number="50" hits="0" branch="False" />
            <line number="51" hits="0" branch="False" />
            <line number="52" hits="0" branch="False" />
            <line number="53" hits="0" branch="False" />
          </lines>
        </class>
        <class name="LSL.CompositeHandlers.CompositeHandlerFactoryExtensions" filename="CompositeHandlerFactoryExtensions.cs" line-rate="0" branch-rate="0" complexity="17">
          <methods>
            <method name="Create" signature="(LSL.CompositeHandlers.ICompositeHandlerFactory,System.Collections.Generic.IEnumerable`1&lt;LSL.CompositeHandlers.HandlerDelegate`2&lt;TContext,TResult&gt;&gt;,System.Action`1&lt;LSL.CompositeHandlers.IConfigurationBuilder`2&lt;TContext,TResult&gt;&gt;)" line-rate="0" branch-rate="1" complexity="1">
              <lines>
                <line number="26" hits="0" branch="False" />
              </lines>
            </method>
            <method name="CreateCompositeHandler" signature="(LSL.CompositeHandlers.ICompositeHandlerFactory,System.Collections.Generic.IEnumerable`1&lt;LSL.CompositeHandlers.ContextualHandlerDelegate`2&lt;TContext,TResult&gt;&gt;,System.Action`1&lt;LSL.CompositeHandlers.IConfigurationBuilder`2&lt;TContext,TResult&gt;&gt;)" line-rate="0" branch-rate="0" complexity="8">
              <lines>
                <line number="41" hits="0" branch="False" />
                <line number="42" hits="0" branch="False" />
                <line number="44" hits="0" branch="True" condition-coverage="0% (0/2)">
                  <conditions>
                    <condition number="8" type="jump" coverage="0%" />
                  </conditions>
                </line>
                <line number="46" hits="0" branch="True" condition-coverage="0% (0/6)">
                  <conditions>
                    <condition number="33" type="jump" coverage="0%" />
                    <condition number="42" type="jump" coverage="0%" />
                    <condition number="73" type="jump" coverage="0%" />
                  </conditions>
                </line>
                <line number="47" hits="0" branch="False" />
                <line number="48" hits="0" branch="False" />
                <line number="49" hits="0" branch="False" />
                <line number="50" hits="0" branch="False" />
                <line number="51" hits="0" branch="False" />
                <line number="52" hits="0" branch="False" />
                <line number="53" hits="0" branch="False" />
                <line number="54" hits="0" branch="False" />
              </lines>
            </method>
            <method name="CreateAsyncCompositeHandler" signature="(LSL.CompositeHandlers.ICompositeHandlerFactory,System.Collections.Generic.IEnumerable`1&lt;LSL.CompositeHandlers.AsyncContextualHandlerDelegate`2&lt;TContext,TResult&gt;&gt;,System.Action`1&lt;LSL.CompositeHandlers.IAsyncConfigurationBuilder`2&lt;TContext,TResult&gt;&gt;)" line-rate="0" branch-rate="0" complexity="8">
              <lines>
                <line number="70" hits="0" branch="False" />
                <line number="71" hits="0" branch="False" />
                <line number="73" hits="0" branch="True" condition-coverage="0% (0/2)">
                  <conditions>
                    <condition number="8" type="jump" coverage="0%" />
                  </conditions>
                </line>
                <line number="75" hits="0" branch="True" condition-coverage="0% (0/6)">
                  <conditions>
                    <condition number="33" type="jump" coverage="0%" />
                    <condition number="42" type="jump" coverage="0%" />
                    <condition number="73" type="jump" coverage="0%" />
                  </conditions>
                </line>
                <line number="76" hits="0" branch="False" />
                <line number="77" hits="0" branch="False" />
                <line number="78" hits="0" branch="False" />
                <line number="79" hits="0" branch="False" />
                <line number="80" hits="0" branch="False" />
                <line number="81" hits="0" branch="False" />
                <line number="82" hits="0" branch="False" />
                <line number="83" hits="0" branch="False" />
                <line number="84" hits="0" branch="False" />
                <line number="85" hits="0" branch="False" />
                <line number="86" hits="0" branch="False" />
              </lines>
            </method>
          </methods>
          <lines>
            <line number="26" hits="0" branch="False" />
            <line number="41" hits="0" branch="False" />
            <line number="42" hits="0" branch="False" />
            <line number="44" hits="0" branch="True" condition-coverage="0% (0/2)">
              <conditions>
                <condition number="8" type="jump" coverage="0%" />
              </conditions>
            </line>
            <line number="46" hits="0" branch="True" condition-coverage="0% (0/6)">
              <conditions>
                <condition number="33" type="jump" coverage="0%" />
                <condition number="42" type="jump" coverage="0%" />
                <condition number="73" type="jump" coverage="0%" />
              </conditions>
            </line>
            <line number="47" hits="0" branch="False" />
            <line number="48" hits="0" branch="False" />
            <line number="49" hits="0" branch="False" />
            <line number="50" hits="0" branch="False" />
            <line number="51" hits="0" branch="False" />
            <line number="52" hits="0" branch="False" />
            <line number="53" hits="0" branch="False" />
            <line number="54" hits="0" branch="False" />
            <line number="70" hits="0" branch="False" />
            <line number="71" hits="0" branch="False" />
            <line number="73" hits="0" branch="True" condition-coverage="0% (0/2)">
              <conditions>
                <condition number="8" type="jump" coverage="0%" />
              </conditions>
            </line>
            <line number="75" hits="0" branch="True" condition-coverage="0% (0/6)">
              <conditions>
                <condition number="33" type="jump" coverage="0%" />
                <condition number="42" type="jump" coverage="0%" />
                <condition number="73" type="jump" coverage="0%" />
              </conditions>
            </line>
            <line number="76" hits="0" branch="False" />
            <line number="77" hits="0" branch="False" />
            <line number="78" hits="0" branch="False" />
            <line number="79" hits="0" branch="False" />
            <line number="80" hits="0" branch="False" />
            <line number="81" hits="0" branch="False" />
            <line number="82" hits="0" branch="False" />
            <line number="83" hits="0" branch="False" />
            <line number="84" hits="0" branch="False" />
            <line number="85" hits="0" branch="False" />
            <line number="86" hits="0" branch="False" />
          </lines>
        </class>
        <class name="LSL.CompositeHandlers.ConfigurationBuilder`2" filename="ConfigurationBuilder.cs" line-rate="0" branch-rate="1" complexity="2">
          <methods>
            <method name="WithDefaultHandler" signature="(System.Func`2&lt;TContext,TResult&gt;)" line-rate="0" branch-rate="1" complexity="1">
              <lines>
                <line number="11" hits="0" branch="False" />
                <line number="12" hits="0" branch="False" />
                <line number="13" hits="0" branch="False" />
                <line number="14" hits="0" branch="False" />
              </lines>
            </method>
            <method name="get_DefaultHandler" signature="()" line-rate="0" branch-rate="1" complexity="1">
              <lines>
                <line number="17" hits="0" branch="False" />
              </lines>
            </method>
          </methods>
          <lines>
            <line number="11" hits="0" branch="False" />
            <line number="12" hits="0" branch="False" />
            <line number="13" hits="0" branch="False" />
            <line number="14" hits="0" branch="False" />
            <line number="17" hits="0" branch="False" />
          </lines>
        </class>
        <class name="LSL.CompositeHandlers.AsyncConfigurationBuilder`2" filename="ConfigurationBuilder.cs" line-rate="0" branch-rate="1" complexity="2">
          <methods>
            <method name="get_DefaultHandler" signature="()" line-rate="0" branch-rate="1" complexity="1">
              <lines>
                <line number="24" hits="0" branch="False" />
              </lines>
            </method>
            <method name="WithDefaultHandler" signature="(System.Func`2&lt;TContext,System.Threading.Tasks.Task`1&lt;TResult&gt;&gt;)" line-rate="0" branch-rate="1" complexity="1">
              <lines>
                <line number="28" hits="0" branch="False" />
                <line number="29" hits="0" branch="False" />
                <line number="30" hits="0" branch="False" />
                <line number="31" hits="0" branch="False" />
              </lines>
            </method>
          </methods>
          <lines>
            <line number="24" hits="0" branch="False" />
            <line number="28" hits="0" branch="False" />
            <line number="29" hits="0" branch="False" />
            <line number="30" hits="0" branch="False" />
            <line number="31" hits="0" branch="False" />
          </lines>
        </class>
        <class name="LSL.CompositeHandlers.For" filename="For.cs" line-rate="0" branch-rate="0" complexity="2">
          <methods>
            <method name="GenericHandlers" signature="(System.Collections.Generic.IEnumerable`1&lt;LSL.CompositeHandlers.IGenericHandler`2&lt;TContext,TResult&gt;&gt;)" line-rate="0" branch-rate="0" complexity="2">
              <lines>
                <line number="19" hits="0" branch="True" condition-coverage="0% (0/2)">
                  <conditions>
                    <condition number="7" type="jump" coverage="0%" />
                  </conditions>
                </line>
              </lines>
            </method>
          </methods>
          <lines>
            <line number="19" hits="0" branch="True" condition-coverage="0% (0/2)">
              <conditions>
                <condition number="7" type="jump" coverage="0%" />
              </conditions>
            </line>
          </lines>
        </class>
      </classes>
    </package>
  </packages>
</coverage>